2025/11/25 11:14:59 [notice] 1#1: using the "epoll" event method
2025/11/25 11:14:59 [notice] 1#1: nginx/1.29.3
2025/11/25 11:14:59 [notice] 1#1: built by gcc 14.2.0 (Debian 14.2.0-19) 
2025/11/25 11:14:59 [notice] 1#1: OS: Linux 4.4.302+
2025/11/25 11:14:59 [notice] 1#1: getrlimit(RLIMIT_NOFILE): 1048576:1048576
2025/11/25 11:14:59 [notice] 1#1: start worker processes
2025/11/25 11:14:59 [notice] 1#1: start worker process 22
2025/11/25 11:14:59 [notice] 1#1: start worker process 23
2025/11/25 11:14:59 [notice] 1#1: start worker process 24
2025/11/25 11:14:59 [notice] 1#1: start worker process 25
2025/11/25 11:15:24 [error] 25#25: *1 directory index of "/usr/share/nginx/html/" is forbidden, client: 172.17.0.1, server: _, request: "GET / HTTP/1.1", host: "192.168.0.14:8080"
2025/11/25 11:59:04 [notice] 1#1: signal 3 (SIGQUIT) received, shutting down
2025/11/25 11:59:04 [notice] 22#22: gracefully shutting down
2025/11/25 11:59:04 [notice] 24#24: gracefully shutting down
2025/11/25 11:59:04 [notice] 25#25: gracefully shutting down
2025/11/25 11:59:04 [notice] 22#22: exiting
2025/11/25 11:59:04 [notice] 25#25: exiting
2025/11/25 11:59:04 [notice] 22#22: exit
2025/11/25 11:59:04 [notice] 25#25: exit
2025/11/25 11:59:04 [notice] 24#24: exiting
2025/11/25 11:59:04 [notice] 24#24: exit
2025/11/25 11:59:04 [notice] 23#23: gracefully shutting down
2025/11/25 11:59:04 [notice] 23#23: exiting
2025/11/25 11:59:04 [notice] 23#23: exit
2025/11/25 11:59:04 [notice] 1#1: signal 17 (SIGCHLD) received from 22
2025/11/25 11:59:04 [notice] 1#1: worker process 22 exited with code 0
2025/11/25 11:59:04 [notice] 1#1: signal 29 (SIGIO) received
2025/11/25 11:59:04 [notice] 1#1: signal 17 (SIGCHLD) received from 25
2025/11/25 11:59:04 [notice] 1#1: worker process 23 exited with code 0
2025/11/25 11:59:04 [notice] 1#1: worker process 25 exited with code 0
2025/11/25 11:59:04 [notice] 1#1: signal 29 (SIGIO) received
2025/11/25 11:59:04 [notice] 1#1: signal 17 (SIGCHLD) received from 24
2025/11/25 11:59:04 [notice] 1#1: worker process 24 exited with code 0
2025/11/25 11:59:04 [notice] 1#1: exit
2025/11/25 11:59:40 [notice] 1#1: using the "epoll" event method
2025/11/25 11:59:40 [notice] 1#1: nginx/1.29.3
2025/11/25 11:59:40 [notice] 1#1: built by gcc 14.2.0 (Debian 14.2.0-19) 
2025/11/25 11:59:40 [notice] 1#1: OS: Linux 4.4.302+
2025/11/25 11:59:40 [notice] 1#1: getrlimit(RLIMIT_NOFILE): 1048576:1048576
2025/11/25 11:59:40 [notice] 1#1: start worker processes
2025/11/25 11:59:40 [notice] 1#1: start worker process 21
2025/11/25 11:59:40 [notice] 1#1: start worker process 22
2025/11/25 11:59:40 [notice] 1#1: start worker process 23
2025/11/25 11:59:40 [notice] 1#1: start worker process 24
2025/12/23 07:36:31 [notice] 1#1: signal 3 (SIGQUIT) received, shutting down
2025/12/23 07:36:31 [notice] 21#21: gracefully shutting down
2025/12/23 07:36:31 [notice] 23#23: gracefully shutting down
2025/12/23 07:36:31 [notice] 24#24: gracefully shutting down
2025/12/23 07:36:31 [notice] 21#21: exiting
2025/12/23 07:36:31 [notice] 23#23: exiting
2025/12/23 07:36:31 [notice] 24#24: exiting
2025/12/23 07:36:31 [notice] 23#23: exit
2025/12/23 07:36:31 [notice] 21#21: exit
2025/12/23 07:36:31 [notice] 24#24: exit
2025/12/23 07:36:31 [notice] 22#22: gracefully shutting down
2025/12/23 07:36:31 [notice] 22#22: exiting
2025/12/23 07:36:31 [notice] 22#22: exit
2025/12/23 07:36:31 [notice] 1#1: signal 17 (SIGCHLD) received from 24
2025/12/23 07:36:31 [notice] 1#1: worker process 21 exited with code 0
2025/12/23 07:36:31 [notice] 1#1: worker process 24 exited with code 0
2025/12/23 07:36:31 [notice] 1#1: signal 29 (SIGIO) received
2025/12/23 07:36:31 [notice] 1#1: signal 17 (SIGCHLD) received from 23
2025/12/23 07:36:31 [notice] 1#1: worker process 23 exited with code 0
2025/12/23 07:36:31 [notice] 1#1: signal 29 (SIGIO) received
2025/12/23 07:36:31 [notice] 1#1: signal 17 (SIGCHLD) received from 22
2025/12/23 07:36:31 [notice] 1#1: worker process 22 exited with code 0
2025/12/23 07:36:31 [notice] 1#1: exit
2025/12/23 07:48:31 [notice] 1#1: using the "epoll" event method
2025/12/23 07:48:31 [notice] 1#1: nginx/1.29.3
2025/12/23 07:48:31 [notice] 1#1: built by gcc 14.2.0 (Debian 14.2.0-19) 
2025/12/23 07:48:31 [notice] 1#1: OS: Linux 4.4.302+
2025/12/23 07:48:31 [notice] 1#1: getrlimit(RLIMIT_NOFILE): 1048576:1048576
2025/12/23 07:48:31 [notice] 1#1: start worker processes
2025/12/23 07:48:31 [notice] 1#1: start worker process 21
2025/12/23 07:48:31 [notice] 1#1: start worker process 22
2025/12/23 07:48:31 [notice] 1#1: start worker process 23
2025/12/23 07:48:31 [notice] 1#1: start worker process 24
2025/12/23 07:58:21 [notice] 1#1: signal 3 (SIGQUIT) received, shutting down
2025/12/23 07:58:21 [notice] 21#21: gracefully shutting down
2025/12/23 07:58:21 [notice] 22#22: gracefully shutting down
2025/12/23 07:58:21 [notice] 24#24: gracefully shutting down
2025/12/23 07:58:21 [notice] 21#21: exiting
2025/12/23 07:58:21 [notice] 22#22: exiting
2025/12/23 07:58:21 [notice] 24#24: exiting
2025/12/23 07:58:21 [notice] 22#22: exit
2025/12/23 07:58:21 [notice] 21#21: exit
2025/12/23 07:58:21 [notice] 24#24: exit
2025/12/23 07:58:21 [notice] 23#23: gracefully shutting down
2025/12/23 07:58:21 [notice] 23#23: exiting
2025/12/23 07:58:21 [notice] 23#23: exit
2025/12/23 07:58:21 [notice] 1#1: signal 17 (SIGCHLD) received from 24
2025/12/23 07:58:21 [notice] 1#1: worker process 23 exited with code 0
2025/12/23 07:58:21 [notice] 1#1: worker process 24 exited with code 0
2025/12/23 07:58:21 [notice] 1#1: signal 29 (SIGIO) received
2025/12/23 07:58:21 [notice] 1#1: signal 17 (SIGCHLD) received from 21
2025/12/23 07:58:21 [notice] 1#1: worker process 21 exited with code 0
2025/12/23 07:58:21 [notice] 1#1: worker process 22 exited with code 0
2025/12/23 07:58:21 [notice] 1#1: exit
2025/12/23 07:58:45 [notice] 1#1: using the "epoll" event method
2025/12/23 07:58:45 [notice] 1#1: nginx/1.29.3
2025/12/23 07:58:45 [notice] 1#1: built by gcc 14.2.0 (Debian 14.2.0-19) 
2025/12/23 07:58:45 [notice] 1#1: OS: Linux 4.4.302+
2025/12/23 07:58:45 [notice] 1#1: getrlimit(RLIMIT_NOFILE): 1048576:1048576
2025/12/23 07:58:45 [notice] 1#1: start worker processes
2025/12/23 07:58:45 [notice] 1#1: start worker process 21
2025/12/23 07:58:45 [notice] 1#1: start worker process 22
2025/12/23 07:58:45 [notice] 1#1: start worker process 23
2025/12/23 07:58:45 [notice] 1#1: start worker process 24
2025/12/23 08:17:43 [notice] 1#1: signal 3 (SIGQUIT) received, shutting down
2025/12/23 08:17:43 [notice] 23#23: gracefully shutting down
2025/12/23 08:17:43 [notice] 22#22: gracefully shutting down
2025/12/23 08:17:43 [notice] 21#21: gracefully shutting down
2025/12/23 08:17:43 [notice] 23#23: exiting
2025/12/23 08:17:43 [notice] 22#22: exiting
2025/12/23 08:17:43 [notice] 21#21: exiting
2025/12/23 08:17:43 [notice] 23#23: exit
2025/12/23 08:17:43 [notice] 22#22: exit
2025/12/23 08:17:43 [notice] 21#21: exit
2025/12/23 08:17:43 [notice] 24#24: gracefully shutting down
2025/12/23 08:17:43 [notice] 24#24: exiting
2025/12/23 08:17:43 [notice] 24#24: exit
2025/12/23 08:17:43 [notice] 1#1: signal 17 (SIGCHLD) received from 23
2025/12/23 08:17:43 [notice] 1#1: worker process 23 exited with code 0
2025/12/23 08:17:43 [notice] 1#1: signal 29 (SIGIO) received
2025/12/23 08:17:43 [notice] 1#1: signal 17 (SIGCHLD) received from 21
2025/12/23 08:17:43 [notice] 1#1: worker process 21 exited with code 0
2025/12/23 08:17:43 [notice] 1#1: worker process 22 exited with code 0
2025/12/23 08:17:43 [notice] 1#1: worker process 24 exited with code 0
2025/12/23 08:17:43 [notice] 1#1: exit
2025/12/23 08:17:58 [notice] 1#1: using the "epoll" event method
2025/12/23 08:17:58 [notice] 1#1: nginx/1.29.3
2025/12/23 08:17:58 [notice] 1#1: built by gcc 14.2.0 (Debian 14.2.0-19) 
2025/12/23 08:17:58 [notice] 1#1: OS: Linux 4.4.302+
2025/12/23 08:17:58 [notice] 1#1: getrlimit(RLIMIT_NOFILE): 1048576:1048576
2025/12/23 08:17:58 [notice] 1#1: start worker processes
2025/12/23 08:17:58 [notice] 1#1: start worker process 21
2025/12/23 08:17:58 [notice] 1#1: start worker process 22
2025/12/23 08:17:58 [notice] 1#1: start worker process 23
2025/12/23 08:17:58 [notice] 1#1: start worker process 24
2025/12/23 08:21:23 [notice] 1#1: signal 3 (SIGQUIT) received, shutting down
2025/12/23 08:21:23 [notice] 23#23: gracefully shutting down
2025/12/23 08:21:23 [notice] 22#22: gracefully shutting down
2025/12/23 08:21:23 [notice] 23#23: exiting
2025/12/23 08:21:23 [notice] 22#22: exiting
2025/12/23 08:21:23 [notice] 23#23: exit
2025/12/23 08:21:23 [notice] 22#22: exit
2025/12/23 08:21:23 [notice] 21#21: gracefully shutting down
2025/12/23 08:21:23 [notice] 21#21: exiting
2025/12/23 08:21:23 [notice] 21#21: exit
2025/12/23 08:21:23 [notice] 24#24: gracefully shutting down
2025/12/23 08:21:23 [notice] 24#24: exiting
2025/12/23 08:21:23 [notice] 24#24: exit
2025/12/23 08:21:23 [notice] 1#1: signal 17 (SIGCHLD) received from 23
2025/12/23 08:21:23 [notice] 1#1: worker process 22 exited with code 0
2025/12/23 08:21:23 [notice] 1#1: worker process 23 exited with code 0
2025/12/23 08:21:23 [notice] 1#1: signal 29 (SIGIO) received
2025/12/23 08:21:23 [notice] 1#1: signal 17 (SIGCHLD) received from 22
2025/12/23 08:21:23 [notice] 1#1: signal 17 (SIGCHLD) received from 21
2025/12/23 08:21:23 [notice] 1#1: worker process 21 exited with code 0
2025/12/23 08:21:23 [notice] 1#1: signal 29 (SIGIO) received
2025/12/23 08:21:23 [notice] 1#1: signal 17 (SIGCHLD) received from 24
2025/12/23 08:21:23 [notice] 1#1: worker process 24 exited with code 0
2025/12/23 08:21:23 [notice] 1#1: exit
2025/12/23 08:21:37 [notice] 1#1: using the "epoll" event method
2025/12/23 08:21:37 [notice] 1#1: nginx/1.29.3
2025/12/23 08:21:37 [notice] 1#1: built by gcc 14.2.0 (Debian 14.2.0-19) 
2025/12/23 08:21:37 [notice] 1#1: OS: Linux 4.4.302+
2025/12/23 08:21:37 [notice] 1#1: getrlimit(RLIMIT_NOFILE): 1048576:1048576
2025/12/23 08:21:37 [notice] 1#1: start worker processes
2025/12/23 08:21:37 [notice] 1#1: start worker process 21
2025/12/23 08:21:37 [notice] 1#1: start worker process 22
2025/12/23 08:21:37 [notice] 1#1: start worker process 23
2025/12/23 08:21:37 [notice] 1#1: start worker process 24
2025/12/23 08:23:41 [notice] 1#1: signal 3 (SIGQUIT) received, shutting down
2025/12/23 08:23:41 [notice] 21#21: gracefully shutting down
2025/12/23 08:23:41 [notice] 21#21: exiting
2025/12/23 08:23:41 [notice] 21#21: exit
2025/12/23 08:23:41 [notice] 22#22: gracefully shutting down
2025/12/23 08:23:41 [notice] 22#22: exiting
2025/12/23 08:23:41 [notice] 22#22: exit
2025/12/23 08:23:41 [notice] 24#24: gracefully shutting down
2025/12/23 08:23:41 [notice] 24#24: exiting
2025/12/23 08:23:41 [notice] 24#24: exit
2025/12/23 08:23:41 [notice] 23#23: gracefully shutting down
2025/12/23 08:23:41 [notice] 23#23: exiting
2025/12/23 08:23:41 [notice] 23#23: exit
2025/12/23 08:23:41 [notice] 1#1: signal 17 (SIGCHLD) received from 21
2025/12/23 08:23:41 [notice] 1#1: worker process 21 exited with code 0
2025/12/23 08:23:41 [notice] 1#1: signal 29 (SIGIO) received
2025/12/23 08:23:41 [notice] 1#1: signal 17 (SIGCHLD) received from 22
2025/12/23 08:23:41 [notice] 1#1: worker process 22 exited with code 0
2025/12/23 08:23:41 [notice] 1#1: worker process 23 exited with code 0
2025/12/23 08:23:41 [notice] 1#1: worker process 24 exited with code 0
2025/12/23 08:23:41 [notice] 1#1: exit
2025/12/23 08:26:54 [notice] 1#1: using the "epoll" event method
2025/12/23 08:26:54 [notice] 1#1: nginx/1.29.3
2025/12/23 08:26:54 [notice] 1#1: built by gcc 14.2.0 (Debian 14.2.0-19) 
2025/12/23 08:26:54 [notice] 1#1: OS: Linux 4.4.302+
2025/12/23 08:26:54 [notice] 1#1: getrlimit(RLIMIT_NOFILE): 1048576:1048576
2025/12/23 08:26:54 [notice] 1#1: start worker processes
2025/12/23 08:26:54 [notice] 1#1: start worker process 21
2025/12/23 08:26:54 [notice] 1#1: start worker process 22
2025/12/23 08:26:54 [notice] 1#1: start worker process 23
2025/12/23 08:26:54 [notice] 1#1: start worker process 24
2025/12/23 08:40:51 [notice] 1#1: signal 3 (SIGQUIT) received, shutting down
2025/12/23 08:40:51 [notice] 22#22: gracefully shutting down
2025/12/23 08:40:51 [notice] 23#23: gracefully shutting down
2025/12/23 08:40:51 [notice] 21#21: gracefully shutting down
2025/12/23 08:40:51 [notice] 22#22: exiting
2025/12/23 08:40:51 [notice] 23#23: exiting
2025/12/23 08:40:51 [notice] 21#21: exiting
2025/12/23 08:40:51 [notice] 23#23: exit
2025/12/23 08:40:51 [notice] 21#21: exit
2025/12/23 08:40:51 [notice] 22#22: exit
2025/12/23 08:40:51 [notice] 24#24: gracefully shutting down
2025/12/23 08:40:51 [notice] 24#24: exiting
2025/12/23 08:40:51 [notice] 24#24: exit
2025/12/23 08:40:51 [notice] 1#1: signal 17 (SIGCHLD) received from 22
2025/12/23 08:40:51 [notice] 1#1: worker process 22 exited with code 0
2025/12/23 08:40:51 [notice] 1#1: worker process 24 exited with code 0
2025/12/23 08:40:51 [notice] 1#1: signal 29 (SIGIO) received
2025/12/23 08:40:51 [notice] 1#1: signal 17 (SIGCHLD) received from 21
2025/12/23 08:40:51 [notice] 1#1: worker process 21 exited with code 0
2025/12/23 08:40:51 [notice] 1#1: worker process 23 exited with code 0
2025/12/23 08:40:51 [notice] 1#1: exit
2025/12/23 08:41:04 [notice] 1#1: using the "epoll" event method
2025/12/23 08:41:04 [notice] 1#1: nginx/1.29.3
2025/12/23 08:41:04 [notice] 1#1: built by gcc 14.2.0 (Debian 14.2.0-19) 
2025/12/23 08:41:04 [notice] 1#1: OS: Linux 4.4.302+
2025/12/23 08:41:04 [notice] 1#1: getrlimit(RLIMIT_NOFILE): 1048576:1048576
2025/12/23 08:41:04 [notice] 1#1: start worker processes
2025/12/23 08:41:04 [notice] 1#1: start worker process 21
2025/12/23 08:41:04 [notice] 1#1: start worker process 22
2025/12/23 08:41:04 [notice] 1#1: start worker process 23
2025/12/23 08:41:04 [notice] 1#1: start worker process 24
2025/12/23 09:04:24 [notice] 1#1: signal 3 (SIGQUIT) received, shutting down
2025/12/23 09:04:24 [notice] 21#21: gracefully shutting down
2025/12/23 09:04:24 [notice] 23#23: gracefully shutting down
2025/12/23 09:04:24 [notice] 22#22: gracefully shutting down
2025/12/23 09:04:24 [notice] 21#21: exiting
2025/12/23 09:04:24 [notice] 23#23: exiting
2025/12/23 09:04:24 [notice] 22#22: exiting
2025/12/23 09:04:24 [notice] 21#21: exit
2025/12/23 09:04:24 [notice] 22#22: exit
2025/12/23 09:04:24 [notice] 23#23: exit
2025/12/23 09:04:24 [notice] 24#24: gracefully shutting down
2025/12/23 09:04:24 [notice] 24#24: exiting
2025/12/23 09:04:24 [notice] 24#24: exit
2025/12/23 09:04:24 [notice] 1#1: signal 17 (SIGCHLD) received from 23
2025/12/23 09:04:24 [notice] 1#1: worker process 21 exited with code 0
2025/12/23 09:04:24 [notice] 1#1: worker process 22 exited with code 0
2025/12/23 09:04:24 [notice] 1#1: worker process 23 exited with code 0
2025/12/23 09:04:24 [notice] 1#1: worker process 24 exited with code 0
2025/12/23 09:04:24 [notice] 1#1: exit
2025/12/23 09:04:38 [notice] 1#1: using the "epoll" event method
2025/12/23 09:04:38 [notice] 1#1: nginx/1.29.3
2025/12/23 09:04:38 [notice] 1#1: built by gcc 14.2.0 (Debian 14.2.0-19) 
2025/12/23 09:04:38 [notice] 1#1: OS: Linux 4.4.302+
2025/12/23 09:04:38 [notice] 1#1: getrlimit(RLIMIT_NOFILE): 1048576:1048576
2025/12/23 09:04:38 [notice] 1#1: start worker processes
2025/12/23 09:04:38 [notice] 1#1: start worker process 21
2025/12/23 09:04:38 [notice] 1#1: start worker process 22
2025/12/23 09:04:38 [notice] 1#1: start worker process 23
2025/12/23 09:04:38 [notice] 1#1: start worker process 24
2025/12/23 11:15:27 [error] 23#23: *71 upstream prematurely closed connection while reading response header from upstream, client: 172.18.0.1, server: _, request: "POST /api/submit HTTP/1.1", upstream: "http://172.18.0.3:3000/submit", host: "lwhrouter.iptime.org", referrer: "http://lwhrouter.iptime.org//"
2025/12/23 11:15:42 [error] 23#23: *71 upstream prematurely closed connection while reading response header from upstream, client: 172.18.0.1, server: _, request: "POST /api/submit HTTP/1.1", upstream: "http://172.18.0.3:3000/submit", host: "lwhrouter.iptime.org", referrer: "http://lwhrouter.iptime.org//"
2025/12/23 11:17:22 [error] 22#22: *75 upstream prematurely closed connection while reading response header from upstream, client: 172.18.0.1, server: _, request: "POST /api/submit HTTP/1.1", upstream: "http://172.18.0.3:3000/submit", host: "lwhrouter.iptime.org", referrer: "http://lwhrouter.iptime.org//"
